<?xml version="1.0" encoding="UTF-8"?>
<!-- Generated by org.testng.reporters.JUnitReportReporter -->
<testsuite hostname="DESKTOP-CLTTIEV" failures="0" tests="1" name="testcases.Signuptest" time="26.952" errors="0" timestamp="2023-06-03T17:32:22 IST" skipped="0">
  <testcase classname="testcases.Signuptest" name="signuppage" time="26.952"/>
</testsuite> <!-- testcases.Signuptest -->
