<?xml version="1.0" encoding="UTF-8"?>
<!-- Generated by org.testng.reporters.JUnitReportReporter -->
<testsuite hostname="DESKTOP-CLTTIEV" failures="0" tests="1" name="testcases.Roundtriptest" time="66.324" errors="0" timestamp="2023-06-03T17:32:22 IST" skipped="0">
  <testcase classname="testcases.Roundtriptest" name="roundtest" time="66.324"/>
</testsuite> <!-- testcases.Roundtriptest -->
