<?xml version="1.0" encoding="UTF-8"?>
<!-- Generated by org.testng.reporters.JUnitReportReporter -->
<testsuite hostname="DESKTOP-CLTTIEV" failures="0" tests="1" name="testcases.Addontest" time="22.427" errors="0" timestamp="2023-06-01T22:57:37 IST" skipped="0">
  <testcase classname="testcases.Addontest" name="addtest" time="22.427"/>
</testsuite> <!-- testcases.Addontest -->
