<?xml version="1.0" encoding="UTF-8"?>
<!-- Generated by org.testng.reporters.JUnitReportReporter -->
<testsuite hostname="DESKTOP-CLTTIEV" failures="0" tests="3" name="testcases.Logintest" time="39.482" errors="0" timestamp="2023-06-03T17:32:22 IST" skipped="0">
  <testcase classname="testcases.Logintest" name="login" time="13.302"/>
  <testcase classname="testcases.Logintest" name="loginwithinvalidmail" time="13.121"/>
  <testcase classname="testcases.Logintest" name="loginwithinvalidpassword" time="13.059"/>
</testsuite> <!-- testcases.Logintest -->
