<?xml version="1.0" encoding="UTF-8"?>
<!-- Generated by org.testng.reporters.JUnitReportReporter -->
<testsuite hostname="DESKTOP-CLTTIEV" failures="0" tests="1" name="testcases.Onewaytest" time="54.450" errors="0" timestamp="2023-06-03T17:32:22 IST" skipped="0">
  <testcase classname="testcases.Onewaytest" name="onewaytest" time="54.450"/>
</testsuite> <!-- testcases.Onewaytest -->
